<?xml version="1.0" encoding="UTF-8"?>
<!-- Generated by org.testng.reporters.JUnitReportReporter -->
<testsuite hostname="LNAR-5CG2220YMG" failures="0" tests="4" name="com.qa.swag.tests.CartPageTest" time="0.221" errors="0" timestamp="2025-07-26T01:16:53 EDT" skipped="0">
  <testcase classname="com.qa.swag.tests.CartPageTest" name="getPageUrlTest" time="0.019"/>
  <testcase classname="com.qa.swag.tests.CartPageTest" name="getPageTitleTest" time="0.016"/>
  <testcase classname="com.qa.swag.tests.CartPageTest" name="getCheckCart" time="0.153"/>
  <testcase classname="com.qa.swag.tests.CartPageTest" name="getPageHeaderTitleTest" time="0.033"/>
</testsuite> <!-- com.qa.swag.tests.CartPageTest -->
