<?xml version="1.0" encoding="UTF-8"?>
<!-- Generated by org.testng.reporters.JUnitReportReporter -->
<testsuite hostname="LNAR-5CG2220YMG" failures="0" tests="4" name="com.qa.swag.tests.CheckoutStep2Test" time="0.055" errors="0" timestamp="2025-07-26T01:22:55 EDT" skipped="0">
  <testcase classname="com.qa.swag.tests.CheckoutStep2Test" name="getPageUrlTest" time="0.008"/>
  <testcase classname="com.qa.swag.tests.CheckoutStep2Test" name="getSummaryInfoTest" time="0.020"/>
  <testcase classname="com.qa.swag.tests.CheckoutStep2Test" name="getPageHeaderTitleTest" time="0.020"/>
  <testcase classname="com.qa.swag.tests.CheckoutStep2Test" name="getPageTitleTest" time="0.007"/>
</testsuite> <!-- com.qa.swag.tests.CheckoutStep2Test -->
