<?xml version="1.0" encoding="UTF-8"?>
<!-- Generated by org.testng.reporters.JUnitReportReporter -->
<testsuite hostname="LNAR-5CG2220YMG" failures="0" tests="1" name="com.qa.swag.tests.CheckoutStep1Test" time="0.067" errors="0" timestamp="2025-07-16T16:12:28 EDT" skipped="0">
  <testcase classname="com.qa.swag.tests.CheckoutStep1Test" name="getCancelTest" time="0.067"/>
</testsuite> <!-- com.qa.swag.tests.CheckoutStep1Test -->
